Determining if the pthread_create exist failed with the following output:
Change Dir: /home/robot/rmc2017_ws/src/apriltags_ros/apriltags/cmake-build-debug/CMakeFiles/CMakeTmp

Run Build Command:"/usr/bin/make" "cmTC_5b7bc/fast"
/usr/bin/make -f CMakeFiles/cmTC_5b7bc.dir/build.make CMakeFiles/cmTC_5b7bc.dir/build
make[1]: Entering directory '/home/robot/rmc2017_ws/src/apriltags_ros/apriltags/cmake-build-debug/CMakeFiles/CMakeTmp'
Building C object CMakeFiles/cmTC_5b7bc.dir/CheckSymbolExists.c.o
/usr/bin/cc    -o CMakeFiles/cmTC_5b7bc.dir/CheckSymbolExists.c.o   -c /home/robot/rmc2017_ws/src/apriltags_ros/apriltags/cmake-build-debug/CMakeFiles/CMakeTmp/CheckSymbolExists.c
Linking C executable cmTC_5b7bc
/home/matt/clion-2017.3.3/bin/cmake/bin/cmake -E cmake_link_script CMakeFiles/cmTC_5b7bc.dir/link.txt --verbose=1
/usr/bin/cc      -rdynamic CMakeFiles/cmTC_5b7bc.dir/CheckSymbolExists.c.o  -o cmTC_5b7bc 
CMakeFiles/cmTC_5b7bc.dir/CheckSymbolExists.c.o: In function `main':
CheckSymbolExists.c:(.text+0x16): undefined reference to `pthread_create'
collect2: error: ld returned 1 exit status
CMakeFiles/cmTC_5b7bc.dir/build.make:97: recipe for target 'cmTC_5b7bc' failed
make[1]: *** [cmTC_5b7bc] Error 1
make[1]: Leaving directory '/home/robot/rmc2017_ws/src/apriltags_ros/apriltags/cmake-build-debug/CMakeFiles/CMakeTmp'
Makefile:126: recipe for target 'cmTC_5b7bc/fast' failed
make: *** [cmTC_5b7bc/fast] Error 2

File /home/robot/rmc2017_ws/src/apriltags_ros/apriltags/cmake-build-debug/CMakeFiles/CMakeTmp/CheckSymbolExists.c:
/* */
#include <pthread.h>

int main(int argc, char** argv)
{
  (void)argv;
#ifndef pthread_create
  return ((int*)(&pthread_create))[argc];
#else
  (void)argc;
  return 0;
#endif
}

Determining if the function pthread_create exists in the pthreads failed with the following output:
Change Dir: /home/robot/rmc2017_ws/src/apriltags_ros/apriltags/cmake-build-debug/CMakeFiles/CMakeTmp

Run Build Command:"/usr/bin/make" "cmTC_44062/fast"
/usr/bin/make -f CMakeFiles/cmTC_44062.dir/build.make CMakeFiles/cmTC_44062.dir/build
make[1]: Entering directory '/home/robot/rmc2017_ws/src/apriltags_ros/apriltags/cmake-build-debug/CMakeFiles/CMakeTmp'
Building C object CMakeFiles/cmTC_44062.dir/CheckFunctionExists.c.o
/usr/bin/cc   -DCHECK_FUNCTION_EXISTS=pthread_create   -o CMakeFiles/cmTC_44062.dir/CheckFunctionExists.c.o   -c /home/matt/clion-2017.3.3/bin/cmake/share/cmake-3.9/Modules/CheckFunctionExists.c
Linking C executable cmTC_44062
/home/matt/clion-2017.3.3/bin/cmake/bin/cmake -E cmake_link_script CMakeFiles/cmTC_44062.dir/link.txt --verbose=1
/usr/bin/cc  -DCHECK_FUNCTION_EXISTS=pthread_create    -rdynamic CMakeFiles/cmTC_44062.dir/CheckFunctionExists.c.o  -o cmTC_44062 -lpthreads 
/usr/bin/ld: cannot find -lpthreads
collect2: error: ld returned 1 exit status
CMakeFiles/cmTC_44062.dir/build.make:97: recipe for target 'cmTC_44062' failed
make[1]: *** [cmTC_44062] Error 1
make[1]: Leaving directory '/home/robot/rmc2017_ws/src/apriltags_ros/apriltags/cmake-build-debug/CMakeFiles/CMakeTmp'
Makefile:126: recipe for target 'cmTC_44062/fast' failed
make: *** [cmTC_44062/fast] Error 2


